app/build/outputs/mapping/release/seeds.txt
com.dailyserviceapp.billing.BillListActivity
com.dailyserviceapp.customer.ComplaintSupportActivity
com.dailyserviceapp.notifications.FCMService
com.dailyserviceapp.payment.PaymentActivity
com.dailyserviceapp.auth.ForgotPasswordActivity
com.dailyserviceapp.notifications.NotificationListActivity
com.dailyserviceapp.core.sync.PendingEntriesSyncWorker
com.dailyserviceapp.customer.CustomerServiceDashboardActivity
com.dailyserviceapp.sales.ui.SalesPredictionActivity
com.dailyserviceapp.qr.QRCodeActivity
com.dailyserviceapp.provider.ProviderComplaintsActivity
com.dailyserviceapp.dashboard.ProviderDashboardActivity
com.dailyserviceapp.provider.JoinRequestsActivity
com.dailyserviceapp.profile.ProfileActivity
com.dailyserviceapp.auth.LoginActivity
com.dailyserviceapp.SplashActivity
com.dailyserviceapp.billing.BillDetailActivity
com.dailyserviceapp.customer.CustomerHomeActivity
com.dailyserviceapp.ui.CustomerDetailActivity
com.dailyserviceapp.sales.api.SalesPredictionApi
com.dailyserviceapp.dashboard.DashboardActivity
com.dailyserviceapp.reports.ReportsActivity
com.dailyserviceapp.ui.CustomerEditActivity
com.dailyserviceapp.auth.SignupActivity
com.dailyserviceapp.service.ServiceEntryActivity
com.dailyserviceapp.dashboard.DashboardActivity$SortOrder: com.dailyserviceapp.dashboard.DashboardActivity$SortOrder valueOf(java.lang.String)
com.dailyserviceapp.dashboard.DashboardActivity: DashboardActivity()
com.dailyserviceapp.payment.PaymentActivity: PaymentActivity()
com.dailyserviceapp.auth.ForgotPasswordActivity: ForgotPasswordActivity()
com.dailyserviceapp.service.ServiceEntryActivity: ServiceEntryActivity()
com.dailyserviceapp.core.sync.PendingEntriesSyncWorker: PendingEntriesSyncWorker(android.content.Context,androidx.work.WorkerParameters)
com.dailyserviceapp.auth.LoginActivity: LoginActivity()
com.dailyserviceapp.sales.api.SalesPredictionApi: retrofit2.Call getGlobalPredictions(java.lang.String,int)
com.dailyserviceapp.auth.SignupActivity: SignupActivity()
com.dailyserviceapp.customer.CustomerHomeActivity: CustomerHomeActivity()
com.dailyserviceapp.notifications.FCMService: FCMService()
com.dailyserviceapp.ui.CustomerEditActivity: CustomerEditActivity()
com.dailyserviceapp.sales.ui.SalesPredictionActivity: SalesPredictionActivity()
com.dailyserviceapp.profile.ProfileActivity: ProfileActivity()
com.dailyserviceapp.customer.CustomerServiceDashboardActivity: CustomerServiceDashboardActivity()
com.dailyserviceapp.reports.ReportsActivity: ReportsActivity()
com.dailyserviceapp.billing.BillDetailActivity: BillDetailActivity()
com.dailyserviceapp.notifications.NotificationListActivity: NotificationListActivity()
com.dailyserviceapp.dashboard.ProviderDashboardActivity: ProviderDashboardActivity()
com.dailyserviceapp.provider.JoinRequestsActivity: JoinRequestsActivity()
com.dailyserviceapp.provider.ProviderComplaintsActivity: ProviderComplaintsActivity()
com.dailyserviceapp.core.sync.PendingEntriesSyncWorker$SyncOutcome: com.dailyserviceapp.core.sync.PendingEntriesSyncWorker$SyncOutcome[] values()
com.dailyserviceapp.SplashActivity: SplashActivity()
com.dailyserviceapp.qr.QRCodeActivity: QRCodeActivity()
com.dailyserviceapp.core.sync.PendingEntriesSyncWorker$SyncOutcome: com.dailyserviceapp.core.sync.PendingEntriesSyncWorker$SyncOutcome valueOf(java.lang.String)
com.dailyserviceapp.ui.CustomerDetailActivity: CustomerDetailActivity()
com.dailyserviceapp.customer.ComplaintSupportActivity: ComplaintSupportActivity()
com.dailyserviceapp.dashboard.DashboardActivity$SortOrder: com.dailyserviceapp.dashboard.DashboardActivity$SortOrder[] values()
com.dailyserviceapp.billing.BillListActivity: BillListActivity()
...
com.google.android.gms.internal.measurement.zzfo$zza$zza: zzfo$zza$zza()
com.google.android.material.floatingactionbutton.ExtendedFloatingActionButton: void setTextColor(android.content.res.ColorStateList)
androidx.appcompat.widget.ActionBarContextView: java.lang.CharSequence getTitle()
com.github.mikephil.charting.components.YAxis$YAxisLabelPosition: com.github.mikephil.charting.components.YAxis$YAxisLabelPosition valueOf(java.lang.String)
io.grpc.InternalChannelz$ChannelTrace$Event$Severity: io.grpc.InternalChannelz$ChannelTrace$Event$Severity valueOf(java.lang.String)
com.google.android.recaptcha.internal.zzni: int zzc(java.lang.Object,long)
com.google.android.gms.internal.measurement.zzbh: zzbh(com.google.android.gms.internal.measurement.zzal,com.google.android.gms.internal.measurement.zzh)
com.google.android.gms.internal.firebase-auth-api.zzamq: java.lang.Object zzc(java.lang.Object)
com.google.android.gms.internal.measurement.zzjb: void zzm(java.util.List)
androidx.core.os.LocaleListCompat$Api24Impl: android.os.LocaleList getDefault()
com.google.android.gms.internal.measurement.zzhw: void zza()
com.google.android.gms.internal.firebase-auth-api.zzage: long zza()
com.google.android.gms.internal.firebase-auth-api.zzajb: int zze()
com.google.android.gms.internal.firebase-auth-api.zzvu$zza: com.google.android.gms.internal.firebase-auth-api.zzvu$zza zza(com.google.android.gms.internal.firebase-auth-api.zzaip)
com.google.android.gms.internal.fido.zzp: boolean usesClientTelemetry()
com.google.android.material.textfield.TextInputLayout: android.widget.EditText getEditText()
com.google.android.gms.internal.measurement.zzbw: void zza(android.os.Parcel,boolean)
com.google.android.gms.internal.measurement.zzjm: java.util.Iterator zzd()
com.google.android.gms.internal.measurement.zzfy$zzk$zza: com.google.android.gms.internal.measurement.zzfy$zzk$zza zzk(long)
com.google.android.recaptcha.internal.zzni: boolean zzx()
com.google.android.gms.internal.firebase-auth-api.zzwj: com.google.android.gms.internal.firebase-auth-api.zzwj zzc()
com.google.android.gms.common.server.response.FastJsonResponse: void setStringInternal(com.google.android.gms.common.server.response.FastJsonResponse$Field,java.lang.String,java.lang.String)
com.google.android.gms.internal.firebase-auth-api.zzajg$zza: int zza()
com.google.android.recaptcha.internal.zzbo: kotlinx.coroutines.CoroutineScope zzb()
com.google.android.gms.internal.firebase-auth-api.zzaej: void zza(com.google.android.gms.internal.firebase-auth-api.zzafo,com.google.android.gms.internal.firebase-auth-api.zzael)
com.google.android.gms.measurement.internal.AppMeasurementDynamiteService: void setDataCollectionEnabled(boolean)
com.google.android.material.chip.Chip: void setChipStrokeWidth(float)
io.grpc.okhttp.OkHttpFrameLogger$Direction: io.grpc.okhttp.OkHttpFrameLogger$Direction valueOf(java.lang.String)
com.google.android.gms.internal.measurement.zzhm: void run()
com.google.android.gms.internal.measurement.zzfy$zzk: void zzi(com.google.android.gms.internal.measurement.zzfy$zzk,long)
com.google.android.gms.internal.auth-api.zbg: int getMinApkVersion()
com.bumptech.glide.load.data.ParcelFileDescriptorRewinder$InternalRewinder: android.os.ParcelFileDescriptor rewind()
com.google.android.gms.internal.firebase-auth-api.zzain: java.lang.String zzd(int)
com.google.android.recaptcha.internal.zzqq: zzqq()
com.google.android.gms.internal.firebase-auth-api.zzgw: com.google.android.gms.internal.firebase-auth-api.zzdx zza(com.google.android.gms.internal.firebase-auth-api.zzpc,com.google.android.gms.internal.firebase-auth-api.zzcn)
com.google.android.gms.internal.firebase-auth-api.zziv$zza: com.google.android.gms.internal.firebase-auth-api.zziv zza()