app/build/outputs/mapping/release/usage.txt
com.dailyserviceapp.R$anim
com.dailyserviceapp.R$array:
    private void <init>()
com.dailyserviceapp.R$color:
    public static int accent
    public static int background
    public static int brand_amber_500
    public static int brand_green_500
    public static int brand_ink_600
    public static int brand_ink_900
    public static int brand_teal_500
    public static int brand_teal_700
    public static int color_bills
    public static int color_customers
    public static int color_on_customers
    public static int color_profile
    public static int divider
    public static int error
    public static int gradient_end
    public static int gradient_soft_end
    public static int gradient_soft_start
    public static int gradient_start
    public static int icon_default
    public static int md_theme_background
    public static int md_theme_on_primary
    public static int md_theme_on_primary_container
    public static int md_theme_primary_container
    public static int md_theme_secondary_container
    public static int md_theme_success
    public static int md_theme_surface
    public static int md_theme_surface_raised
    public static int md_theme_surface_tint
    public static int nav_item_icon_tint
    public static int nav_item_text_tint
    public static int primary
    public static int primary_container
    public static int primary_dark
    public static int secondary
    public static int secondary_light
    public static int surface
    public static int surface_variant
    public static int text_muted
com.dailyserviceapp.R$dimen
com.dailyserviceapp.R$drawable:
    public static int bg_app_backdrop
    public static int bg_card_gradient_products
    public static int bg_circle_minimal
    public static int bg_customer_detail_top_bar
    public static int bg_error_pill
    public static int bg_history_row
    public static int bg_month_ring_green
    public static int bg_month_ring_teal
    public static int bg_nav_header_gradient
    public static int bg_success_pill
    public static int bg_toolbar_gradient
    public static int gradient_primary
    public static int ic_add_24
    public static int ic_back
    public static int ic_bill_24
    public static int ic_calendar_24
    public static int ic_camera
    public static int ic_chevron_left_24
    public static int ic_chevron_right_24
    public static int ic_close_24
    public static int ic_dashboard_24
    public static int ic_delete_24
    public static int ic_download
    public static int ic_edit_24
    public static int ic_email_24
    public static int ic_grid_view_24
    public static int ic_info
    public static int ic_location_24
    public static int ic_lock_24
    public static int ic_menu_24
    public static int ic_more_vert_24
    public static int ic_nav_bills
    public static int ic_nav_customers
    public static int ic_nav_dashboard
    public static int ic_nav_logout
    public static int ic_nav_profile
    public static int ic_nav_qr
    public static int ic_nav_reports
    public static int ic_nav_requests
...
com.bumptech.glide.request.ExperimentalRequestListener
com.bumptech.glide.request.FutureTarget
com.bumptech.glide.request.Request
com.bumptech.glide.request.RequestCoordinator$RequestState
com.bumptech.glide.request.RequestCoordinator
com.bumptech.glide.request.RequestFutureTarget$Waiter
com.bumptech.glide.request.RequestFutureTarget
com.bumptech.glide.request.RequestListener
com.bumptech.glide.request.RequestOptions
com.bumptech.glide.request.ResourceCallback
com.bumptech.glide.request.SingleRequest$Status
com.bumptech.glide.request.SingleRequest
com.bumptech.glide.request.ThumbnailRequestCoordinator
com.bumptech.glide.request.target.AppWidgetTarget
com.bumptech.glide.request.target.BaseTarget
com.bumptech.glide.request.target.BitmapImageViewTarget
com.bumptech.glide.request.target.BitmapThumbnailImageViewTarget
com.bumptech.glide.request.target.CustomTarget
com.bumptech.glide.request.target.CustomViewTarget$1
com.bumptech.glide.request.target.CustomViewTarget$SizeDeterminer$SizeDeterminerLayoutListener
com.bumptech.glide.request.target.CustomViewTarget$SizeDeterminer
com.bumptech.glide.request.target.CustomViewTarget
com.bumptech.glide.request.target.DrawableImageViewTarget
com.bumptech.glide.request.target.DrawableThumbnailImageViewTarget
com.bumptech.glide.request.target.FixedSizeDrawable$State
com.bumptech.glide.request.target.FixedSizeDrawable
com.bumptech.glide.request.target.ImageViewTarget
com.bumptech.glide.request.target.ImageViewTargetFactory
com.bumptech.glide.request.target.NotificationTarget
com.bumptech.glide.request.target.PreloadTarget$1
com.bumptech.glide.request.target.PreloadTarget
com.bumptech.glide.request.target.SimpleTarget
com.bumptech.glide.request.target.SizeReadyCallback
com.bumptech.glide.request.target.Target
com.bumptech.glide.request.target.ThumbnailImageViewTarget
com.bumptech.glide.request.target.ViewTarget$1
com.bumptech.glide.request.target.ViewTarget$SizeDeterminer$SizeDeterminerLayoutListener
com.bumptech.glide.request.target.ViewTarget$SizeDeterminer
com.bumptech.glide.request.target.ViewTarget
com.bumptech.glide.request.transition.BitmapContainerTransitionFactory$BitmapGlideAnimation
com.bumptech.glide.request.transition.BitmapContainerTransitionFactory
com.bumptech.glide.request.transition.BitmapTransitionFactory
com.bumptech.glide.request.transition.DrawableCrossFadeFactory$Builder
com.bumptech.glide.request.transition.DrawableCrossFadeFactory
com.bumptech.glide.request.transition.DrawableCrossFadeTransition
com.bumptech.glide.request.transition.NoTransition$NoAnimationFactory
com.bumptech.glide.request.transition.NoTransition
com.bumptech.glide.request.transition.Transition$ViewAdapter
com.bumptech.glide.request.transition.Transition
com.bumptech.glide.request.transition.TransitionFactory
com.bumptech.glide.request.transition.ViewAnimationFactory$ConcreteViewTransitionAnimationFactory
com.bumptech.glide.request.transition.ViewAnimationFactory$ResourceViewTransitionAnimationFactory
com.bumptech.glide.request.transition.ViewAnimationFactory
com.bumptech.glide.request.transition.ViewPropertyAnimationFactory
com.bumptech.glide.request.transition.ViewPropertyTransition$Animator
com.bumptech.glide.request.transition.ViewPropertyTransition
com.bumptech.glide.request.transition.ViewTransition$ViewTransitionAnimationFactory
com.bumptech.glide.request.transition.ViewTransition
com.bumptech.glide.signature.AndroidResourceSignature
com.bumptech.glide.signature.ApplicationVersionSignature
com.bumptech.glide.signature.EmptySignature
com.bumptech.glide.signature.MediaStoreSignature
com.bumptech.glide.signature.ObjectKey
com.bumptech.glide.util.ByteBufferUtil$ByteBufferStream
com.bumptech.glide.util.ByteBufferUtil$SafeArray
com.bumptech.glide.util.ByteBufferUtil
com.bumptech.glide.util.CachedHashCodeArrayMap
com.bumptech.glide.util.ContentLengthInputStream
com.bumptech.glide.util.ExceptionCatchingInputStream
com.bumptech.glide.util.ExceptionPassthroughInputStream
com.bumptech.glide.util.Executors$1